app/build/intermediates/manifest_merge_blame_file/debug/manifest-merger-blame-debug-report.txt
1<?xml version="1.0" encoding="utf-8"?>
2<manifest xmlns:android="http://schemas.android.com/apk/res/android"
3    package="com.miaumigo.app"
4    android:versionCode="1"
5    android:versionName="1.0" >
6
7    <uses-sdk
8        android:minSdkVersion="24"
9        android:targetSdkVersion="34" />
10
11    <uses-permission android:name="android.permission.INTERNET" />
11-->src\main\AndroidManifest.xml:5:5-67
11-->src\main\AndroidManifest.xml:5:22-64
12    <uses-permission android:name="android.permission.ACCESS_NETWORK_STATE" />
12-->src\main\AndroidManifest.xml:6:5-79
12-->src\main\AndroidManifest.xml:6:22-76
13    <uses-permission android:name="android.permission.ACCESS_WIFI_STATE" />
13-->src\main\AndroidManifest.xml:7:5-76
13-->src\main\AndroidManifest.xml:7:22-73
14    <uses-permission android:name="android.permission.CAMERA" />
14-->src\main\AndroidManifest.xml:8:5-65
14-->src\main\AndroidManifest.xml:8:22-62
15    <uses-permission android:name="android.permission.RECORD_AUDIO" />
15-->src\main\AndroidManifest.xml:9:5-71
15-->src\main\AndroidManifest.xml:9:22-68
16    <uses-permission
16-->src\main\AndroidManifest.xml:10:5-11:38
17        android:name="android.permission.READ_EXTERNAL_STORAGE"
17-->src\main\AndroidManifest.xml:10:22-77
18        android:maxSdkVersion="32" />
18-->src\main\AndroidManifest.xml:11:9-35
19    <uses-permission android:name="android.permission.READ_MEDIA_IMAGES" />
19-->src\main\AndroidManifest.xml:12:5-76
19-->src\main\AndroidManifest.xml:12:22-73
20    <uses-permission android:name="android.permission.READ_MEDIA_VIDEO" />
20-->src\main\AndroidManifest.xml:13:5-75
20-->src\main\AndroidManifest.xml:13:22-72
21    <uses-permission
21-->src\main\AndroidManifest.xml:14:5-16:40
22        android:name="android.permission.WRITE_EXTERNAL_STORAGE"
22-->src\main\AndroidManifest.xml:14:22-78
23        android:maxSdkVersion="28" />
23-->src\main\AndroidManifest.xml:15:9-35
24
25    <uses-feature
25-->src\main\AndroidManifest.xml:18:5-85
26        android:name="android.hardware.camera"
26-->src\main\AndroidManifest.xml:18:19-57
27        android:required="false" />
27-->src\main\AndroidManifest.xml:18:58-82
28    <uses-feature
28-->src\main\AndroidManifest.xml:19:5-95
29        android:name="android.hardware.camera.autofocus"
29-->src\main\AndroidManifest.xml:19:19-67
30        android:required="false" />
30-->src\main\AndroidManifest.xml:19:68-92
31
32    <uses-permission android:name="android.permission.WAKE_LOCK" />
32-->[com.google.android.gms:play-services-measurement-api:21.5.1] AndroidManifest.xml:24:5-68
32-->[com.google.android.gms:play-services-measurement-api:21.5.1] AndroidManifest.xml:24:22-65
33    <uses-permission android:name="com.google.android.gms.permission.AD_ID" />
33-->[com.google.android.gms:play-services-measurement-api:21.5.1] AndroidManifest.xml:25:5-79
33-->[com.google.android.gms:play-services-measurement-api:21.5.1] AndroidManifest.xml:25:22-76
34    <uses-permission android:name="android.permission.ACCESS_ADSERVICES_ATTRIBUTION" />
34-->[com.google.android.gms:play-services-measurement-api:21.5.1] AndroidManifest.xml:26:5-88
34-->[com.google.android.gms:play-services-measurement-api:21.5.1] AndroidManifest.xml:26:22-85
35    <uses-permission android:name="android.permission.ACCESS_ADSERVICES_AD_ID" />
35-->[com.google.android.gms:play-services-measurement-api:21.5.1] AndroidManifest.xml:27:5-82
35-->[com.google.android.gms:play-services-measurement-api:21.5.1] AndroidManifest.xml:27:22-79
36    <uses-permission android:name="com.google.android.finsky.permission.BIND_GET_INSTALL_REFERRER_SERVICE" />
36-->[com.google.android.gms:play-services-measurement:21.5.1] AndroidManifest.xml:26:5-110
36-->[com.google.android.gms:play-services-measurement:21.5.1] AndroidManifest.xml:26:22-107
37    <uses-permission android:name="com.google.android.providers.gsf.permission.READ_GSERVICES" />
37-->[com.google.android.recaptcha:recaptcha:18.4.0] AndroidManifest.xml:9:5-98
37-->[com.google.android.recaptcha:recaptcha:18.4.0] AndroidManifest.xml:9:22-95
38
39    <permission
39-->[androidx.core:core:1.12.0] AndroidManifest.xml:22:5-24:47
40        android:name="com.miaumigo.app.DYNAMIC_RECEIVER_NOT_EXPORTED_PERMISSION"
40-->[androidx.core:core:1.12.0] AndroidManifest.xml:23:9-81
41        android:protectionLevel="signature" />
41-->[androidx.core:core:1.12.0] AndroidManifest.xml:24:9-44
42
43    <uses-permission android:name="com.miaumigo.app.DYNAMIC_RECEIVER_NOT_EXPORTED_PERMISSION" />
43-->[androidx.core:core:1.12.0] AndroidManifest.xml:26:5-97
43-->[androidx.core:core:1.12.0] AndroidManifest.xml:26:22-94
44
45    <application
45-->src\main\AndroidManifest.xml:21:5-134:19
46        android:allowBackup="true"
46-->src\main\AndroidManifest.xml:22:9-35
47        android:appComponentFactory="androidx.core.app.CoreComponentFactory"
47-->[androidx.core:core:1.12.0] AndroidManifest.xml:28:18-86
48        android:dataExtractionRules="@xml/data_extraction_rules"
48-->src\main\AndroidManifest.xml:23:9-65
49        android:debuggable="true"
50        android:extractNativeLibs="true"
51        android:fullBackupContent="@xml/backup_rules"
51-->src\main\AndroidManifest.xml:24:9-54
52        android:icon="@mipmap/ic_launcher"
52-->src\main\AndroidManifest.xml:25:9-43
53        android:label="@string/app_name"
53-->src\main\AndroidManifest.xml:26:9-41
54        android:networkSecurityConfig="@xml/network_security_config"
54-->src\main\AndroidManifest.xml:31:9-69
55        android:roundIcon="@mipmap/ic_launcher_round"
55-->src\main\AndroidManifest.xml:27:9-54
56        android:supportsRtl="true"
56-->src\main\AndroidManifest.xml:28:9-35
57        android:testOnly="true"
58        android:theme="@style/Theme.MiauMigo"
58-->src\main\AndroidManifest.xml:29:9-46
59        android:usesCleartextTraffic="false" >
59-->src\main\AndroidManifest.xml:30:9-45
60        <activity
60-->src\main\AndroidManifest.xml:34:9-42:20
61            android:name="com.miaumigo.app.MainActivity"
61-->src\main\AndroidManifest.xml:35:13-41
62            android:exported="true"
62-->src\main\AndroidManifest.xml:36:13-36
63            android:theme="@style/Theme.MiauMigo.NoActionBar" >
63-->src\main\AndroidManifest.xml:37:13-62
64            <intent-filter>
64-->src\main\AndroidManifest.xml:38:13-41:29
65                <action android:name="android.intent.action.MAIN" />
65-->src\main\AndroidManifest.xml:39:17-69
65-->src\main\AndroidManifest.xml:39:25-66
66
67                <category android:name="android.intent.category.LAUNCHER" />
67-->src\main\AndroidManifest.xml:40:17-77
67-->src\main\AndroidManifest.xml:40:27-74
68            </intent-filter>
69        </activity>
70        <activity
70-->src\main\AndroidManifest.xml:44:9-47:65
71            android:name="com.miaumigo.app.LoginActivity"
71-->src\main\AndroidManifest.xml:45:13-42
72            android:exported="false"
72-->src\main\AndroidManifest.xml:46:13-37
73            android:theme="@style/Theme.MiauMigo.NoActionBar" />
73-->src\main\AndroidManifest.xml:47:13-62
74        <activity
74-->src\main\AndroidManifest.xml:49:9-52:65
75            android:name="com.miaumigo.app.RegisterActivity"
75-->src\main\AndroidManifest.xml:50:13-45
76            android:exported="false"
76-->src\main\AndroidManifest.xml:51:13-37
77            android:theme="@style/Theme.MiauMigo.NoActionBar" />
77-->src\main\AndroidManifest.xml:52:13-62
78        <activity
78-->src\main\AndroidManifest.xml:54:9-57:65
79            android:name="com.miaumigo.app.HomeActivity"
79-->src\main\AndroidManifest.xml:55:13-41
80            android:exported="true"
80-->src\main\AndroidManifest.xml:56:13-36
81            android:theme="@style/Theme.MiauMigo.NoActionBar" />
81-->src\main\AndroidManifest.xml:57:13-62
82        <activity
82-->src\main\AndroidManifest.xml:59:9-62:65
83            android:name="com.miaumigo.app.ProductDetailActivity"
83-->src\main\AndroidManifest.xml:60:13-50
84            android:exported="false"
84-->src\main\AndroidManifest.xml:61:13-37
85            android:theme="@style/Theme.MiauMigo.NoActionBar" />
85-->src\main\AndroidManifest.xml:62:13-62
86        <activity
86-->src\main\AndroidManifest.xml:64:9-67:65
87            android:name="com.miaumigo.app.StoreActivity"
87-->src\main\AndroidManifest.xml:65:13-42
88            android:exported="false"
88-->src\main\AndroidManifest.xml:66:13-37
89            android:theme="@style/Theme.MiauMigo.NoActionBar" />
89-->src\main\AndroidManifest.xml:67:13-62
90        <activity
90-->src\main\AndroidManifest.xml:69:9-72:65
91            android:name="com.miaumigo.app.EditProfileActivity"
91-->src\main\AndroidManifest.xml:70:13-48
92            android:exported="false"
92-->src\main\AndroidManifest.xml:71:13-37
93            android:theme="@style/Theme.MiauMigo.NoActionBar" />
93-->src\main\AndroidManifest.xml:72:13-62
94        <activity
94-->src\main\AndroidManifest.xml:74:9-77:65
95            android:name="com.miaumigo.app.EditAddressActivity"
95-->src\main\AndroidManifest.xml:75:13-48
96            android:exported="false"
96-->src\main\AndroidManifest.xml:76:13-37
97            android:theme="@style/Theme.MiauMigo.NoActionBar" />
97-->src\main\AndroidManifest.xml:77:13-62
98        <activity
98-->src\main\AndroidManifest.xml:79:9-82:65
99            android:name="com.miaumigo.app.VendorHomeActivity"
99-->src\main\AndroidManifest.xml:80:13-47
100            android:exported="false"
100-->src\main\AndroidManifest.xml:81:13-37
101            android:theme="@style/Theme.MiauMigo.NoActionBar" />
101-->src\main\AndroidManifest.xml:82:13-62
102        <activity
102-->src\main\AndroidManifest.xml:84:9-87:65
103            android:name="com.miaumigo.app.ChatActivity"
103-->src\main\AndroidManifest.xml:85:13-41
104            android:exported="false"
104-->src\main\AndroidManifest.xml:86:13-37
105            android:theme="@style/Theme.MiauMigo.NoActionBar" />
105-->src\main\AndroidManifest.xml:87:13-62
106        <activity
106-->src\main\AndroidManifest.xml:89:9-92:65
107            android:name="com.miaumigo.app.ChatbotActivity"
107-->src\main\AndroidManifest.xml:90:13-44
108            android:exported="false"
108-->src\main\AndroidManifest.xml:91:13-37
109            android:theme="@style/Theme.MiauMigo.NoActionBar" />
109-->src\main\AndroidManifest.xml:92:13-62
110        <activity
110-->src\main\AndroidManifest.xml:94:9-97:65
111            android:name="com.miaumigo.app.CreateAnnouncementActivity"
111-->src\main\AndroidManifest.xml:95:13-55
112            android:exported="false"
112-->src\main\AndroidManifest.xml:96:13-37
113            android:theme="@style/Theme.MiauMigo.NoActionBar" />
113-->src\main\AndroidManifest.xml:97:13-62
114        <activity
114-->src\main\AndroidManifest.xml:99:9-102:65
115            android:name="com.miaumigo.app.AnnouncementDetailActivity"
115-->src\main\AndroidManifest.xml:100:13-55
116            android:exported="false"
116-->src\main\AndroidManifest.xml:101:13-37
117            android:theme="@style/Theme.MiauMigo.NoActionBar" />
117-->src\main\AndroidManifest.xml:102:13-62
118        <activity
118-->src\main\AndroidManifest.xml:104:9-107:65
119            android:name="com.miaumigo.app.StoreManagementActivity"
119-->src\main\AndroidManifest.xml:105:13-52
120            android:exported="false"
120-->src\main\AndroidManifest.xml:106:13-37
121            android:theme="@style/Theme.MiauMigo.NoActionBar" />
121-->src\main\AndroidManifest.xml:107:13-62
122        <activity
122-->src\main\AndroidManifest.xml:109:9-112:65
123            android:name="com.miaumigo.app.ProductManagementActivity"
123-->src\main\AndroidManifest.xml:110:13-54
124            android:exported="false"
124-->src\main\AndroidManifest.xml:111:13-37
125            android:theme="@style/Theme.MiauMigo.NoActionBar" />
125-->src\main\AndroidManifest.xml:112:13-62
126        <activity
126-->src\main\AndroidManifest.xml:114:9-117:65
127            android:name="com.miaumigo.app.CheckoutActivity"
127-->src\main\AndroidManifest.xml:115:13-45
128            android:exported="false"
128-->src\main\AndroidManifest.xml:116:13-37
129            android:theme="@style/Theme.MiauMigo.NoActionBar" />
129-->src\main\AndroidManifest.xml:117:13-62
130        <activity
130-->src\main\AndroidManifest.xml:119:9-122:65
131            android:name="com.miaumigo.app.OrderDetailsActivity"
131-->src\main\AndroidManifest.xml:120:13-49
132            android:exported="false"
132-->src\main\AndroidManifest.xml:121:13-37
133            android:theme="@style/Theme.MiauMigo.NoActionBar" />
133-->src\main\AndroidManifest.xml:122:13-62
134
135        <provider
136            android:name="androidx.core.content.FileProvider"
136-->src\main\AndroidManifest.xml:125:13-62
137            android:authorities="com.miaumigo.app.fileprovider"
137-->src\main\AndroidManifest.xml:126:13-64
138            android:exported="false"
138-->src\main\AndroidManifest.xml:127:13-37
139            android:grantUriPermissions="true" >
139-->src\main\AndroidManifest.xml:128:13-47
140            <meta-data
140-->src\main\AndroidManifest.xml:129:13-131:54
141                android:name="android.support.FILE_PROVIDER_PATHS"
141-->src\main\AndroidManifest.xml:130:17-67
142                android:resource="@xml/file_paths" />
142-->src\main\AndroidManifest.xml:131:17-51
143        </provider>
144
145        <activity
145-->[com.google.firebase:firebase-auth:22.3.1] AndroidManifest.xml:29:9-46:20
146            android:name="com.google.firebase.auth.internal.GenericIdpActivity"
146-->[com.google.firebase:firebase-auth:22.3.1] AndroidManifest.xml:30:13-80
147            android:excludeFromRecents="true"
147-->[com.google.firebase:firebase-auth:22.3.1] AndroidManifest.xml:31:13-46
148            android:exported="true"
148-->[com.google.firebase:firebase-auth:22.3.1] AndroidManifest.xml:32:13-36
149            android:launchMode="singleTask"
149-->[com.google.firebase:firebase-auth:22.3.1] AndroidManifest.xml:33:13-44
150            android:theme="@android:style/Theme.Translucent.NoTitleBar" >
150-->[com.google.firebase:firebase-auth:22.3.1] AndroidManifest.xml:34:13-72
151            <intent-filter>
151-->[com.google.firebase:firebase-auth:22.3.1] AndroidManifest.xml:35:13-45:29
152                <action android:name="android.intent.action.VIEW" />
152-->[com.google.firebase:firebase-auth:22.3.1] AndroidManifest.xml:36:17-69
152-->[com.google.firebase:firebase-auth:22.3.1] AndroidManifest.xml:36:25-66
153
154                <category android:name="android.intent.category.DEFAULT" />
154-->[com.google.firebase:firebase-auth:22.3.1] AndroidManifest.xml:38:17-76
154-->[com.google.firebase:firebase-auth:22.3.1] AndroidManifest.xml:38:27-73
155                <category android:name="android.intent.category.BROWSABLE" />
155-->[com.google.firebase:firebase-auth:22.3.1] AndroidManifest.xml:39:17-78
155-->[com.google.firebase:firebase-auth:22.3.1] AndroidManifest.xml:39:27-75
156
157                <data
157-->[com.google.firebase:firebase-auth:22.3.1] AndroidManifest.xml:41:17-44:51
158                    android:host="firebase.auth"
158-->[com.google.firebase:firebase-auth:22.3.1] AndroidManifest.xml:42:21-49
159                    android:path="/"
159-->[com.google.firebase:firebase-auth:22.3.1] AndroidManifest.xml:43:21-37
160                    android:scheme="genericidp" />
160-->[com.google.firebase:firebase-auth:22.3.1] AndroidManifest.xml:44:21-48
161            </intent-filter>
162        </activity>
163        <activity
163-->[com.google.firebase:firebase-auth:22.3.1] AndroidManifest.xml:47:9-64:20
164            android:name="com.google.firebase.auth.internal.RecaptchaActivity"
164-->[com.google.firebase:firebase-auth:22.3.1] AndroidManifest.xml:48:13-79
165            android:excludeFromRecents="true"
165-->[com.google.firebase:firebase-auth:22.3.1] AndroidManifest.xml:49:13-46
166            android:exported="true"
166-->[com.google.firebase:firebase-auth:22.3.1] AndroidManifest.xml:50:13-36
167            android:launchMode="singleTask"
167-->[com.google.firebase:firebase-auth:22.3.1] AndroidManifest.xml:51:13-44
168            android:theme="@android:style/Theme.Translucent.NoTitleBar" >
168-->[com.google.firebase:firebase-auth:22.3.1] AndroidManifest.xml:52:13-72
169            <intent-filter>
169-->[com.google.firebase:firebase-auth:22.3.1] AndroidManifest.xml:53:13-63:29
170                <action android:name="android.intent.action.VIEW" />
170-->[com.google.firebase:firebase-auth:22.3.1] AndroidManifest.xml:36:17-69
170-->[com.google.firebase:firebase-auth:22.3.1] AndroidManifest.xml:36:25-66
171
172                <category android:name="android.intent.category.DEFAULT" />
172-->[com.google.firebase:firebase-auth:22.3.1] AndroidManifest.xml:38:17-76
172-->[com.google.firebase:firebase-auth:22.3.1] AndroidManifest.xml:38:27-73
173                <category android:name="android.intent.category.BROWSABLE" />
173-->[com.google.firebase:firebase-auth:22.3.1] AndroidManifest.xml:39:17-78
173-->[com.google.firebase:firebase-auth:22.3.1] AndroidManifest.xml:39:27-75
174
175                <data
175-->[com.google.firebase:firebase-auth:22.3.1] AndroidManifest.xml:41:17-44:51
176                    android:host="firebase.auth"
176-->[com.google.firebase:firebase-auth:22.3.1] AndroidManifest.xml:42:21-49
177                    android:path="/"
177-->[com.google.firebase:firebase-auth:22.3.1] AndroidManifest.xml:43:21-37
178                    android:scheme="recaptcha" />
178-->[com.google.firebase:firebase-auth:22.3.1] AndroidManifest.xml:44:21-48
179            </intent-filter>
180        </activity>
181
182        <service
182-->[com.google.firebase:firebase-auth:22.3.1] AndroidManifest.xml:66:9-72:19
183            android:name="com.google.firebase.components.ComponentDiscoveryService"
183-->[com.google.firebase:firebase-auth:22.3.1] AndroidManifest.xml:67:13-84
184            android:directBootAware="true"
184-->[com.google.firebase:firebase-common:20.4.2] AndroidManifest.xml:32:13-43
185            android:exported="false" >
185-->[com.google.firebase:firebase-auth:22.3.1] AndroidManifest.xml:68:13-37
186            <meta-data
186-->[com.google.firebase:firebase-auth:22.3.1] AndroidManifest.xml:69:13-71:85
187                android:name="com.google.firebase.components:com.google.firebase.auth.FirebaseAuthRegistrar"
187-->[com.google.firebase:firebase-auth:22.3.1] AndroidManifest.xml:70:17-109
188                android:value="com.google.firebase.components.ComponentRegistrar" />
188-->[com.google.firebase:firebase-auth:22.3.1] AndroidManifest.xml:71:17-82
189            <meta-data
189-->[com.google.firebase:firebase-storage:20.3.0] AndroidManifest.xml:30:13-32:85
190                android:name="com.google.firebase.components:com.google.firebase.storage.FirebaseStorageKtxRegistrar"
190-->[com.google.firebase:firebase-storage:20.3.0] AndroidManifest.xml:31:17-118
191                android:value="com.google.firebase.components.ComponentRegistrar" />
191-->[com.google.firebase:firebase-storage:20.3.0] AndroidManifest.xml:32:17-82
192            <meta-data
192-->[com.google.firebase:firebase-storage:20.3.0] AndroidManifest.xml:33:13-35:85
193                android:name="com.google.firebase.components:com.google.firebase.storage.StorageRegistrar"
193-->[com.google.firebase:firebase-storage:20.3.0] AndroidManifest.xml:34:17-107
194                android:value="com.google.firebase.components.ComponentRegistrar" />
194-->[com.google.firebase:firebase-storage:20.3.0] AndroidManifest.xml:35:17-82
195            <meta-data
195-->[com.google.firebase:firebase-database:20.3.1] AndroidManifest.xml:29:13-31:85
196                android:name="com.google.firebase.components:com.google.firebase.database.FirebaseDatabaseKtxRegistrar"
196-->[com.google.firebase:firebase-database:20.3.1] AndroidManifest.xml:30:17-120
197                android:value="com.google.firebase.components.ComponentRegistrar" />
197-->[com.google.firebase:firebase-database:20.3.1] AndroidManifest.xml:31:17-82
198            <meta-data
198-->[com.google.firebase:firebase-database:20.3.1] AndroidManifest.xml:32:13-34:85
199                android:name="com.google.firebase.components:com.google.firebase.database.DatabaseRegistrar"
199-->[com.google.firebase:firebase-database:20.3.1] AndroidManifest.xml:33:17-109
200                android:value="com.google.firebase.components.ComponentRegistrar" />
200-->[com.google.firebase:firebase-database:20.3.1] AndroidManifest.xml:34:17-82
201            <meta-data
201-->[com.google.android.gms:play-services-measurement-api:21.5.1] AndroidManifest.xml:37:13-39:85
202                android:name="com.google.firebase.components:com.google.firebase.analytics.connector.internal.AnalyticsConnectorRegistrar"
202-->[com.google.android.gms:play-services-measurement-api:21.5.1] AndroidManifest.xml:38:17-139
203                android:value="com.google.firebase.components.ComponentRegistrar" />
203-->[com.google.android.gms:play-services-measurement-api:21.5.1] AndroidManifest.xml:39:17-82
204            <meta-data
204-->[com.google.firebase:firebase-appcheck:17.1.2] AndroidManifest.xml:25:13-27:85
205                android:name="com.google.firebase.components:com.google.firebase.appcheck.FirebaseAppCheckKtxRegistrar"
205-->[com.google.firebase:firebase-appcheck:17.1.2] AndroidManifest.xml:26:17-120
206                android:value="com.google.firebase.components.ComponentRegistrar" />
206-->[com.google.firebase:firebase-appcheck:17.1.2] AndroidManifest.xml:27:17-82
207            <meta-data
207-->[com.google.firebase:firebase-appcheck:17.1.2] AndroidManifest.xml:28:13-30:85
208                android:name="com.google.firebase.components:com.google.firebase.appcheck.FirebaseAppCheckRegistrar"
208-->[com.google.firebase:firebase-appcheck:17.1.2] AndroidManifest.xml:29:17-117
209                android:value="com.google.firebase.components.ComponentRegistrar" />
209-->[com.google.firebase:firebase-appcheck:17.1.2] AndroidManifest.xml:30:17-82
210            <meta-data
210-->[com.google.firebase:firebase-installations:17.2.0] AndroidManifest.xml:15:13-17:85
211                android:name="com.google.firebase.components:com.google.firebase.installations.FirebaseInstallationsKtxRegistrar"
211-->[com.google.firebase:firebase-installations:17.2.0] AndroidManifest.xml:16:17-130
212                android:value="com.google.firebase.components.ComponentRegistrar" />
212-->[com.google.firebase:firebase-installations:17.2.0] AndroidManifest.xml:17:17-82
213            <meta-data
213-->[com.google.firebase:firebase-installations:17.2.0] AndroidManifest.xml:18:13-20:85
214                android:name="com.google.firebase.components:com.google.firebase.installations.FirebaseInstallationsRegistrar"
214-->[com.google.firebase:firebase-installations:17.2.0] AndroidManifest.xml:19:17-127
215                android:value="com.google.firebase.components.ComponentRegistrar" />
215-->[com.google.firebase:firebase-installations:17.2.0] AndroidManifest.xml:20:17-82
216            <meta-data
216-->[com.google.firebase:firebase-common-ktx:20.4.2] AndroidManifest.xml:12:13-14:85
217                android:name="com.google.firebase.components:com.google.firebase.ktx.FirebaseCommonLegacyRegistrar"
217-->[com.google.firebase:firebase-common-ktx:20.4.2] AndroidManifest.xml:13:17-116
218                android:value="com.google.firebase.components.ComponentRegistrar" />
218-->[com.google.firebase:firebase-common-ktx:20.4.2] AndroidManifest.xml:14:17-82
219            <meta-data
219-->[com.google.firebase:firebase-common:20.4.2] AndroidManifest.xml:35:13-37:85
220                android:name="com.google.firebase.components:com.google.firebase.FirebaseCommonKtxRegistrar"
220-->[com.google.firebase:firebase-common:20.4.2] AndroidManifest.xml:36:17-109
221                android:value="com.google.firebase.components.ComponentRegistrar" />
221-->[com.google.firebase:firebase-common:20.4.2] AndroidManifest.xml:37:17-82
222        </service>
223
224        <property
224-->[com.google.android.gms:play-services-measurement-api:21.5.1] AndroidManifest.xml:30:9-32:61
225            android:name="android.adservices.AD_SERVICES_CONFIG"
225-->[com.google.android.gms:play-services-measurement-api:21.5.1] AndroidManifest.xml:31:13-65
226            android:resource="@xml/ga_ad_services_config" />
226-->[com.google.android.gms:play-services-measurement-api:21.5.1] AndroidManifest.xml:32:13-58
227
228        <activity
228-->[com.google.android.gms:play-services-base:18.1.0] AndroidManifest.xml:20:9-22:45
229            android:name="com.google.android.gms.common.api.GoogleApiActivity"
229-->[com.google.android.gms:play-services-base:18.1.0] AndroidManifest.xml:20:19-85
230            android:exported="false"
230-->[com.google.android.gms:play-services-base:18.1.0] AndroidManifest.xml:22:19-43
231            android:theme="@android:style/Theme.Translucent.NoTitleBar" />
231-->[com.google.android.gms:play-services-base:18.1.0] AndroidManifest.xml:21:19-78
232
233        <receiver
233-->[com.google.android.gms:play-services-measurement:21.5.1] AndroidManifest.xml:29:9-33:20
234            android:name="com.google.android.gms.measurement.AppMeasurementReceiver"
234-->[com.google.android.gms:play-services-measurement:21.5.1] AndroidManifest.xml:30:13-85
235            android:enabled="true"
235-->[com.google.android.gms:play-services-measurement:21.5.1] AndroidManifest.xml:31:13-35
236            android:exported="false" >
236-->[com.google.android.gms:play-services-measurement:21.5.1] AndroidManifest.xml:32:13-37
237        </receiver>
238
239        <service
239-->[com.google.android.gms:play-services-measurement:21.5.1] AndroidManifest.xml:35:9-38:40
240            android:name="com.google.android.gms.measurement.AppMeasurementService"
240-->[com.google.android.gms:play-services-measurement:21.5.1] AndroidManifest.xml:36:13-84
241            android:enabled="true"
241-->[com.google.android.gms:play-services-measurement:21.5.1] AndroidManifest.xml:37:13-35
242            android:exported="false" />
242-->[com.google.android.gms:play-services-measurement:21.5.1] AndroidManifest.xml:38:13-37
243        <service
243-->[com.google.android.gms:play-services-measurement:21.5.1] AndroidManifest.xml:39:9-43:72
244            android:name="com.google.android.gms.measurement.AppMeasurementJobService"
244-->[com.google.android.gms:play-services-measurement:21.5.1] AndroidManifest.xml:40:13-87
245            android:enabled="true"
245-->[com.google.android.gms:play-services-measurement:21.5.1] AndroidManifest.xml:41:13-35
246            android:exported="false"
246-->[com.google.android.gms:play-services-measurement:21.5.1] AndroidManifest.xml:42:13-37
247            android:permission="android.permission.BIND_JOB_SERVICE" />
247-->[com.google.android.gms:play-services-measurement:21.5.1] AndroidManifest.xml:43:13-69
248
249        <provider
249-->[com.google.firebase:firebase-common:20.4.2] AndroidManifest.xml:23:9-28:39
250            android:name="com.google.firebase.provider.FirebaseInitProvider"
250-->[com.google.firebase:firebase-common:20.4.2] AndroidManifest.xml:24:13-77
251            android:authorities="com.miaumigo.app.firebaseinitprovider"
251-->[com.google.firebase:firebase-common:20.4.2] AndroidManifest.xml:25:13-72
252            android:directBootAware="true"
252-->[com.google.firebase:firebase-common:20.4.2] AndroidManifest.xml:26:13-43
253            android:exported="false"
253-->[com.google.firebase:firebase-common:20.4.2] AndroidManifest.xml:27:13-37
254            android:initOrder="100" />
254-->[com.google.firebase:firebase-common:20.4.2] AndroidManifest.xml:28:13-36
255        <provider
255-->[androidx.emoji2:emoji2:1.2.0] AndroidManifest.xml:24:9-32:20
256            android:name="androidx.startup.InitializationProvider"
256-->[androidx.emoji2:emoji2:1.2.0] AndroidManifest.xml:25:13-67
257            android:authorities="com.miaumigo.app.androidx-startup"
257-->[androidx.emoji2:emoji2:1.2.0] AndroidManifest.xml:26:13-68
258            android:exported="false" >
258-->[androidx.emoji2:emoji2:1.2.0] AndroidManifest.xml:27:13-37
259            <meta-data
259-->[androidx.emoji2:emoji2:1.2.0] AndroidManifest.xml:29:13-31:52
260                android:name="androidx.emoji2.text.EmojiCompatInitializer"
260-->[androidx.emoji2:emoji2:1.2.0] AndroidManifest.xml:30:17-75
261                android:value="androidx.startup" />
261-->[androidx.emoji2:emoji2:1.2.0] AndroidManifest.xml:31:17-49
262            <meta-data
262-->[androidx.lifecycle:lifecycle-process:2.7.0] AndroidManifest.xml:29:13-31:52
263                android:name="androidx.lifecycle.ProcessLifecycleInitializer"
263-->[androidx.lifecycle:lifecycle-process:2.7.0] AndroidManifest.xml:30:17-78
264                android:value="androidx.startup" />
264-->[androidx.lifecycle:lifecycle-process:2.7.0] AndroidManifest.xml:31:17-49
265            <meta-data
265-->[androidx.profileinstaller:profileinstaller:1.3.0] AndroidManifest.xml:29:13-31:52
266                android:name="androidx.profileinstaller.ProfileInstallerInitializer"
266-->[androidx.profileinstaller:profileinstaller:1.3.0] AndroidManifest.xml:30:17-85
267                android:value="androidx.startup" />
267-->[androidx.profileinstaller:profileinstaller:1.3.0] AndroidManifest.xml:31:17-49
268        </provider>
269
270        <uses-library
270-->[androidx.privacysandbox.ads:ads-adservices:1.0.0-beta05] AndroidManifest.xml:23:9-25:40
271            android:name="android.ext.adservices"
271-->[androidx.privacysandbox.ads:ads-adservices:1.0.0-beta05] AndroidManifest.xml:24:13-50
272            android:required="false" />
272-->[androidx.privacysandbox.ads:ads-adservices:1.0.0-beta05] AndroidManifest.xml:25:13-37
273
274        <meta-data
274-->[com.google.android.gms:play-services-basement:18.3.0] AndroidManifest.xml:21:9-23:69